0 info it worked if it ends with ok
1 verbose cli [ 'C:\\Program Files\\nodejs\\node.exe',
1 verbose cli   'C:\\Program Files\\nodejs\\node_modules\\npm\\bin\\npm-cli.js',
1 verbose cli   'run',
1 verbose cli   'build' ]
2 info using npm@6.4.1
3 info using node@v10.15.3
4 verbose run-script [ 'prebuild', 'build', 'postbuild' ]
5 info lifecycle tcapp@0.1.0~prebuild: tcapp@0.1.0
6 info lifecycle tcapp@0.1.0~build: tcapp@0.1.0
7 verbose lifecycle tcapp@0.1.0~build: unsafe-perm in lifecycle true
8 verbose lifecycle tcapp@0.1.0~build: PATH: C:\Program Files\nodejs\node_modules\npm\node_modules\npm-lifecycle\node-gyp-bin;C:\Srikanth\Projects\TetraCubes\WebProject\tcapp\node_modules\.bin;C:\Program Files (x86)\Common Files\Oracle\Java\javapath;C:\ProgramData\Oracle\Java\javapath;C:\Windows\system32;C:\Windows;C:\Windows\System32\Wbem;C:\Windows\System32\WindowsPowerShell\v1.0\;C:\Windows\System32\OpenSSH\;C:\Program Files (x86)\Webex\Webex\Applications;C:\Program Files\nodejs\;C:\Program Files\dotnet\;C:\Program Files\Microsoft SQL Server\130\Tools\Binn\;C:\Program Files (x86)\Java\jdk1.8.0_212\bin;C:\Git\cmd;C:\Program Files\NVIDIA Corporation\NVIDIA NvDLISR;C:\WINDOWS\system32;C:\WINDOWS;C:\WINDOWS\System32\Wbem;C:\WINDOWS\System32\WindowsPowerShell\v1.0\;C:\WINDOWS\System32\OpenSSH\;C:\Go\bin;C:\Program Files\Intel\WiFi\bin\;C:\Program Files\Common Files\Intel\WirelessCommon\;C:\Program Files\MySQL\MySQL Shell 8.0\bin\;C:\Users\SrikanthJayaram\AppData\Local\GitHubDesktop\bin;C:\Users\SrikanthJayaram\AppData\Local\Programs\Microsoft VS Code\bin;C:\Users\SrikanthJayaram\AppData\Local\Microsoft\WindowsApps;C:\Users\SrikanthJayaram\go\bin;C:\Program Files (x86)\Java\jdk1.8.0_212\bin;C:\Srikanth\Projects\TetraCubes\Server\apache-tomcat-7.0.29\bin;C:\apache-maven-3.6.1\bin\;
9 verbose lifecycle tcapp@0.1.0~build: CWD: C:\Srikanth\Projects\TetraCubes\WebProject\tcapp
10 silly lifecycle tcapp@0.1.0~build: Args: [ '/d /s /c', 'react-scripts build' ]
11 silly lifecycle tcapp@0.1.0~build: Returned: code: 1  signal: null
12 info lifecycle tcapp@0.1.0~build: Failed to exec build script
13 verbose stack Error: tcapp@0.1.0 build: `react-scripts build`
13 verbose stack Exit status 1
13 verbose stack     at EventEmitter.<anonymous> (C:\Program Files\nodejs\node_modules\npm\node_modules\npm-lifecycle\index.js:301:16)
13 verbose stack     at EventEmitter.emit (events.js:189:13)
13 verbose stack     at ChildProcess.<anonymous> (C:\Program Files\nodejs\node_modules\npm\node_modules\npm-lifecycle\lib\spawn.js:55:14)
13 verbose stack     at ChildProcess.emit (events.js:189:13)
13 verbose stack     at maybeClose (internal/child_process.js:970:16)
13 verbose stack     at Process.ChildProcess._handle.onexit (internal/child_process.js:259:5)
14 verbose pkgid tcapp@0.1.0
15 verbose cwd C:\Srikanth\Projects\TetraCubes\WebProject\tcapp
16 verbose Windows_NT 10.0.18363
17 verbose argv "C:\\Program Files\\nodejs\\node.exe" "C:\\Program Files\\nodejs\\node_modules\\npm\\bin\\npm-cli.js" "run" "build"
18 verbose node v10.15.3
19 verbose npm  v6.4.1
20 error code ELIFECYCLE
21 error errno 1
22 error tcapp@0.1.0 build: `react-scripts build`
22 error Exit status 1
23 error Failed at the tcapp@0.1.0 build script.
23 error This is probably not a problem with npm. There is likely additional logging output above.
24 verbose exit [ 1, true ]
